{"timestamp":"2025-05-18T19:59:29.177Z","level":"info","message":"Listing files in: ."}
{"timestamp":"2025-05-18T19:59:29.180Z","level":"success","message":"Found 0 files in ."}
{"timestamp":"2025-05-18T19:59:29.180Z","level":"info","message":"Analyzing task with AI","data":{"taskName":"Create Hello Universe Component"}}
{"timestamp":"2025-05-18T19:59:40.283Z","level":"success","message":"Generated implementation plan"}
{"timestamp":"2025-05-18T19:59:40.283Z","level":"info","message":"Listing files in: ."}
{"timestamp":"2025-05-18T19:59:40.285Z","level":"success","message":"Found 0 files in ."}
{"timestamp":"2025-05-18T19:59:40.285Z","level":"info","message":"Generating code with AI","data":{"taskName":"Create Hello Universe Component"}}
{"timestamp":"2025-05-18T19:59:48.073Z","level":"success","message":"Generated code","data":{"fileCount":6,"dependencies":2}}
{"timestamp":"2025-05-18T19:59:48.073Z","level":"info","message":"Writing file: package.json"}
{"timestamp":"2025-05-18T19:59:48.074Z","level":"success","message":"Successfully wrote file: package.json"}
{"timestamp":"2025-05-18T19:59:48.074Z","level":"info","message":"Writing file: src/HelloUniverse.js"}
{"timestamp":"2025-05-18T19:59:48.074Z","level":"success","message":"Successfully wrote file: src/HelloUniverse.js"}
{"timestamp":"2025-05-18T19:59:48.074Z","level":"info","message":"Writing file: src/HelloUniverse.css"}
{"timestamp":"2025-05-18T19:59:48.075Z","level":"success","message":"Successfully wrote file: src/HelloUniverse.css"}
{"timestamp":"2025-05-18T19:59:48.075Z","level":"info","message":"Writing file: src/App.js"}
{"timestamp":"2025-05-18T19:59:48.075Z","level":"success","message":"Successfully wrote file: src/App.js"}
{"timestamp":"2025-05-18T19:59:48.075Z","level":"info","message":"Writing file: src/index.js"}
{"timestamp":"2025-05-18T19:59:48.075Z","level":"success","message":"Successfully wrote file: src/index.js"}
{"timestamp":"2025-05-18T19:59:48.075Z","level":"info","message":"Writing file: src/index.css"}
{"timestamp":"2025-05-18T19:59:48.075Z","level":"success","message":"Successfully wrote file: src/index.css"}
{"timestamp":"2025-05-18T19:59:48.075Z","level":"info","message":"Writing file: public/index.html"}
{"timestamp":"2025-05-18T19:59:48.076Z","level":"success","message":"Successfully wrote file: public/index.html"}
{"timestamp":"2025-05-18T19:59:48.076Z","level":"info","message":"Executing command: npm install","data":{"cwd":"kai-workspace/cmau2y2er0000sd5h28r0rw13"}}
{"timestamp":"2025-05-18T19:59:48.920Z","level":"success","message":"Command executed successfully","data":{"command":"npm install","stdout":"\nadded 5 packages, and audited 6 packages in 743ms\n\nfound 0 vulnerabilities\n","stderr":""}}
{"timestamp":"2025-05-18T19:59:48.920Z","level":"info","message":"Listing files in: ."}
{"timestamp":"2025-05-18T19:59:48.925Z","level":"success","message":"Found 0 files in ."}
{"timestamp":"2025-05-18T19:59:48.925Z","level":"info","message":"Reviewing code with AI"}
{"timestamp":"2025-05-18T19:59:50.026Z","level":"success","message":"Generated code review"}
{"timestamp":"2025-05-18T19:59:50.027Z","level":"info","message":"Generating repository name","data":{"taskName":"Create Hello Universe Component","description":"Create a simple React component that displays Hello Uni with centered text and a blue background and it must say made by kAI"}}
{"timestamp":"2025-05-18T19:59:50.807Z","level":"success","message":"Generated repository name","data":{"repoName":"unihello"}}
